ASSERTION	AAMEAAEBBgAAAAAAAECPQA==
ASSERTION	AAMDAAMCAJqZmZmZ+VhA
RUN	gatling.simulation.TradingSimulation		tradingsimulation	1532091177969	 	2.0
USER	Reports	1	START	1532091178850	1532091178850
REQUEST	Reports	1		POST http://localhost:3001/api/front/v1/signup	1532091178881	1532091179165	OK	 
REQUEST	Reports	1		GET http://localhost:3001/api/front/v1/activate-account	1532091179230	1532091179236	OK	 
REQUEST	Reports	1		POST http://localhost:3001/api/front/v1/login	1532091179238	1532091179507	OK	 
REQUEST	Reports	1		GET /api/v1/front/trading/limit/sell/500/40	1532091179514	1532091179530	OK	 
REQUEST	Reports	1		GET /api/v1/front/trading/limit/sell/500/40	1532091179561	1532091179568	OK	 
REQUEST	Reports	1		GET /api/v1/front/trading/limit/sell/500/40	1532091179591	1532091179600	OK	 
REQUEST	Reports	1		GET /api/v1/front/trading/limit/sell/500/40	1532091179631	1532091179649	OK	 
REQUEST	Reports	1		GET /api/v1/front/trading/limit/sell/500/40	1532091179680	1532091179687	OK	 
REQUEST	Reports	1		GET /api/v1/front/trading/limit/sell/500/40	1532091179710	1532091179718	OK	 
REQUEST	Reports	1		GET /api/v1/front/trading/limit/sell/500/40	1532091179741	1532091179747	OK	 
REQUEST	Reports	1		GET /api/v1/front/trading/limit/sell/500/40	1532091179770	1532091179780	OK	 
REQUEST	Reports	1		GET /api/v1/front/trading/limit/sell/500/40	1532091179810	1532091179820	OK	 
REQUEST	Reports	1		GET /api/v1/front/trading/limit/sell/500/40	1532091179851	1532091179862	OK	 
REQUEST	Reports	1		GET /api/v1/front/trading/limit/sell/500/40	1532091179890	1532091179901	OK	 
REQUEST	Reports	1		GET /api/v1/front/trading/limit/sell/500/40	1532091179931	1532091179942	OK	 
REQUEST	Reports	1		GET /api/v1/front/trading/limit/sell/500/40	1532091179971	1532091179983	OK	 
REQUEST	Reports	1		GET /api/v1/front/trading/limit/sell/500/40	1532091180011	1532091180024	OK	 
REQUEST	Reports	1		GET /api/v1/front/trading/limit/sell/500/40	1532091180051	1532091180065	OK	 
REQUEST	Reports	1		GET /api/v1/front/trading/limit/sell/500/40	1532091180090	1532091180098	OK	 
REQUEST	Reports	1		GET /api/v1/front/trading/limit/sell/500/40	1532091180120	1532091180129	OK	 
REQUEST	Reports	1		GET /api/v1/front/trading/limit/sell/500/40	1532091180151	1532091180159	OK	 
REQUEST	Reports	1		GET /api/v1/front/trading/limit/sell/500/40	1532091180191	1532091180204	OK	 
REQUEST	Reports	1		GET /api/v1/front/trading/limit/sell/500/40	1532091180230	1532091180242	OK	 
REQUEST	Reports	1		GET /api/v1/front/trading/limit/sell/500/40	1532091180271	1532091180284	OK	 
REQUEST	Reports	1		GET /api/v1/front/trading/limit/sell/500/40	1532091180310	1532091180323	OK	 
REQUEST	Reports	1		GET /api/v1/front/trading/limit/sell/500/40	1532091180351	1532091180363	OK	 
REQUEST	Reports	1		GET /api/v1/front/trading/limit/sell/500/40	1532091180391	1532091180403	OK	 
REQUEST	Reports	1		GET /api/v1/front/trading/limit/sell/500/40	1532091180431	1532091180447	OK	 
REQUEST	Reports	1		GET /api/v1/front/trading/limit/sell/500/40	1532091180470	1532091180485	OK	 
REQUEST	Reports	1		GET /api/v1/front/trading/limit/sell/500/40	1532091180511	1532091180523	OK	 
REQUEST	Reports	1		GET /api/v1/front/trading/limit/sell/500/40	1532091180550	1532091180559	OK	 
REQUEST	Reports	1		GET /api/v1/front/trading/limit/sell/500/40	1532091180580	1532091180588	OK	 
REQUEST	Reports	1		GET /api/v1/front/trading/limit/sell/500/40	1532091180610	1532091180623	OK	 
REQUEST	Reports	1		GET /api/v1/front/trading/limit/sell/500/40	1532091180651	1532091180667	OK	 
REQUEST	Reports	1		GET /api/v1/front/trading/limit/sell/500/40	1532091180690	1532091180703	OK	 
REQUEST	Reports	1		GET /api/v1/front/trading/limit/sell/500/40	1532091180731	1532091180741	OK	 
REQUEST	Reports	1		GET /api/v1/front/trading/limit/sell/500/40	1532091180770	1532091180783	OK	 
REQUEST	Reports	1		GET /api/v1/front/trading/limit/sell/500/40	1532091180811	1532091180820	OK	 
REQUEST	Reports	1		GET /api/v1/front/trading/limit/sell/500/40	1532091180850	1532091180867	OK	 
REQUEST	Reports	1		GET /api/v1/front/trading/limit/sell/500/40	1532091180891	1532091180905	OK	 
REQUEST	Reports	1		GET /api/v1/front/trading/limit/sell/500/40	1532091180930	1532091180941	OK	 
REQUEST	Reports	1		GET /api/v1/front/trading/limit/sell/500/40	1532091180971	1532091180983	OK	 
REQUEST	Reports	1		GET /api/v1/front/trading/limit/sell/500/40	1532091181011	1532091181024	OK	 
REQUEST	Reports	1		GET /api/v1/front/trading/limit/sell/500/40	1532091181050	1532091181063	OK	 
REQUEST	Reports	1		GET /api/v1/front/trading/limit/sell/500/40	1532091181091	1532091181106	OK	 
REQUEST	Reports	1		GET /api/v1/front/trading/limit/sell/500/40	1532091181130	1532091181146	OK	 
REQUEST	Reports	1		GET /api/v1/front/trading/limit/sell/500/40	1532091181171	1532091181182	OK	 
REQUEST	Reports	1		GET /api/v1/front/trading/limit/sell/500/40	1532091181211	1532091181222	OK	 
REQUEST	Reports	1		GET /api/v1/front/trading/limit/sell/500/40	1532091181250	1532091181264	OK	 
REQUEST	Reports	1		GET /api/v1/front/trading/limit/sell/500/40	1532091181291	1532091181306	OK	 
REQUEST	Reports	1		GET /api/v1/front/trading/limit/sell/500/40	1532091181331	1532091181341	OK	 
REQUEST	Reports	1		GET /api/v1/front/trading/limit/sell/500/40	1532091181370	1532091181377	OK	 
REQUEST	Reports	1		GET /api/v1/front/trading/limit/sell/500/40	1532091181401	1532091181407	OK	 
REQUEST	Reports	1		GET /api/v1/front/trading/limit/sell/500/40	1532091181430	1532091181442	OK	 
REQUEST	Reports	1		GET /api/v1/front/trading/limit/sell/500/40	1532091181471	1532091181485	OK	 
REQUEST	Reports	1		GET /api/v1/front/trading/limit/sell/500/40	1532091181511	1532091181524	OK	 
REQUEST	Reports	1		GET /api/v1/front/trading/limit/sell/500/40	1532091181550	1532091181564	OK	 
REQUEST	Reports	1		GET /api/v1/front/trading/limit/sell/500/40	1532091181591	1532091181604	OK	 
REQUEST	Reports	1		GET /api/v1/front/trading/limit/sell/500/40	1532091181630	1532091181643	OK	 
REQUEST	Reports	1		GET /api/v1/front/trading/limit/sell/500/40	1532091181671	1532091181685	OK	 
REQUEST	Reports	1		GET /api/v1/front/trading/limit/sell/500/40	1532091181710	1532091181726	OK	 
REQUEST	Reports	1		GET /api/v1/front/trading/limit/sell/500/40	1532091181751	1532091181765	OK	 
REQUEST	Reports	1		GET /api/v1/front/trading/limit/sell/500/40	1532091181790	1532091181799	OK	 
REQUEST	Reports	1		GET /api/v1/front/trading/limit/sell/500/40	1532091181821	1532091181831	OK	 
REQUEST	Reports	1		GET /api/v1/front/trading/limit/sell/500/40	1532091181860	1532091181875	OK	 
REQUEST	Reports	1		GET /api/v1/front/trading/limit/sell/500/40	1532091181901	1532091181914	OK	 
REQUEST	Reports	1		GET /api/v1/front/trading/limit/sell/500/40	1532091181940	1532091181956	OK	 
REQUEST	Reports	1		GET /api/v1/front/trading/limit/sell/500/40	1532091181980	1532091181995	OK	 
REQUEST	Reports	1		GET /api/v1/front/trading/limit/sell/500/40	1532091182021	1532091182033	OK	 
REQUEST	Reports	1		GET /api/v1/front/trading/limit/sell/500/40	1532091182060	1532091182074	OK	 
REQUEST	Reports	1		GET /api/v1/front/trading/limit/sell/500/40	1532091182101	1532091182118	OK	 
REQUEST	Reports	1		GET /api/v1/front/trading/limit/sell/500/40	1532091182151	1532091182167	OK	 
REQUEST	Reports	1		GET /api/v1/front/trading/limit/sell/500/40	1532091182190	1532091182204	OK	 
REQUEST	Reports	1		GET /api/v1/front/trading/limit/sell/500/40	1532091182231	1532091182240	OK	 
REQUEST	Reports	1		GET /api/v1/front/trading/limit/sell/500/40	1532091182270	1532091182277	OK	 
REQUEST	Reports	1		GET /api/v1/front/trading/limit/sell/500/40	1532091182301	1532091182315	OK	 
REQUEST	Reports	1		GET /api/v1/front/trading/limit/sell/500/40	1532091182341	1532091182354	OK	 
REQUEST	Reports	1		GET /api/v1/front/trading/limit/sell/500/40	1532091182380	1532091182395	OK	 
REQUEST	Reports	1		GET /api/v1/front/trading/limit/sell/500/40	1532091182421	1532091182433	OK	 
REQUEST	Reports	1		GET /api/v1/front/trading/limit/sell/500/40	1532091182461	1532091182479	OK	 
REQUEST	Reports	1		GET /api/v1/front/trading/limit/sell/500/40	1532091182500	1532091182514	OK	 
REQUEST	Reports	1		GET /api/v1/front/trading/limit/sell/500/40	1532091182541	1532091182555	OK	 
REQUEST	Reports	1		GET /api/v1/front/trading/limit/sell/500/40	1532091182580	1532091182596	OK	 
REQUEST	Reports	1		GET /api/v1/front/trading/limit/sell/500/40	1532091182620	1532091182631	OK	 
REQUEST	Reports	1		GET /api/v1/front/trading/limit/sell/500/40	1532091182660	1532091182671	OK	 
REQUEST	Reports	1		GET /api/v1/front/trading/limit/sell/500/40	1532091182700	1532091182712	OK	 
REQUEST	Reports	1		GET /api/v1/front/trading/limit/sell/500/40	1532091182741	1532091182755	OK	 
REQUEST	Reports	1		GET /api/v1/front/trading/limit/sell/500/40	1532091182780	1532091182795	OK	 
REQUEST	Reports	1		GET /api/v1/front/trading/limit/sell/500/40	1532091182820	1532091182838	OK	 
REQUEST	Reports	1		GET /api/v1/front/trading/limit/sell/500/40	1532091182860	1532091182869	OK	 
REQUEST	Reports	1		GET /api/v1/front/trading/limit/sell/500/40	1532091182890	1532091182899	OK	 
REQUEST	Reports	1		GET /api/v1/front/trading/limit/sell/500/40	1532091182931	1532091182945	OK	 
REQUEST	Reports	1		GET /api/v1/front/trading/limit/sell/500/40	1532091182970	1532091182984	OK	 
REQUEST	Reports	1		GET /api/v1/front/trading/limit/sell/500/40	1532091183010	1532091183028	OK	 
REQUEST	Reports	1		GET /api/v1/front/trading/limit/sell/500/40	1532091183051	1532091183059	OK	 
REQUEST	Reports	1		GET /api/v1/front/trading/limit/sell/500/40	1532091183090	1532091183100	OK	 
REQUEST	Reports	1		GET /api/v1/front/trading/limit/sell/500/40	1532091183131	1532091183145	OK	 
REQUEST	Reports	1		GET /api/v1/front/trading/limit/sell/500/40	1532091183171	1532091183185	OK	 
REQUEST	Reports	1		GET /api/v1/front/trading/limit/sell/500/40	1532091183210	1532091183226	OK	 
REQUEST	Reports	1		GET /api/v1/front/trading/limit/sell/500/40	1532091183251	1532091183267	OK	 
REQUEST	Reports	1		GET /api/v1/front/trading/limit/sell/500/40	1532091183290	1532091183299	OK	 
REQUEST	Reports	1		GET /api/v1/front/trading/limit/sell/500/40	1532091183330	1532091183338	OK	 
REQUEST	Reports	1		GET /api/v1/front/trading/limit/sell/500/40	1532091183360	1532091183368	OK	 
REQUEST	Reports	1		GET /api/v1/front/trading/limit/sell/500/40	1532091183391	1532091183405	OK	 
REQUEST	Reports	1		GET /api/v1/front/trading/limit/sell/500/40	1532091183430	1532091183445	OK	 
REQUEST	Reports	1		GET /api/v1/front/trading/limit/sell/500/40	1532091183471	1532091183480	OK	 
REQUEST	Reports	1		GET /api/v1/front/trading/limit/sell/500/40	1532091183510	1532091183518	OK	 
REQUEST	Reports	1		GET /api/v1/front/trading/limit/sell/500/40	1532091183541	1532091183554	OK	 
REQUEST	Reports	1		GET /api/v1/front/trading/limit/sell/500/40	1532091183580	1532091183596	OK	 
REQUEST	Reports	1		GET /api/v1/front/trading/limit/sell/500/40	1532091183621	1532091183635	OK	 
REQUEST	Reports	1		GET /api/v1/front/trading/limit/sell/500/40	1532091183661	1532091183676	OK	 
REQUEST	Reports	1		GET /api/v1/front/trading/limit/sell/500/40	1532091183700	1532091183709	OK	 
REQUEST	Reports	1		GET /api/v1/front/trading/limit/sell/500/40	1532091183741	1532091183754	OK	 
REQUEST	Reports	1		GET /api/v1/front/trading/limit/sell/500/40	1532091183780	1532091183794	OK	 
REQUEST	Reports	1		GET /api/v1/front/trading/limit/sell/500/40	1532091183820	1532091183836	OK	 
REQUEST	Reports	1		GET /api/v1/front/trading/limit/sell/500/40	1532091183861	1532091183875	OK	 
REQUEST	Reports	1		GET /api/v1/front/trading/limit/sell/500/40	1532091183900	1532091183910	OK	 
REQUEST	Reports	1		GET /api/v1/front/trading/limit/sell/500/40	1532091183941	1532091183950	OK	 
REQUEST	Reports	1		GET /api/v1/front/trading/limit/sell/500/40	1532091183980	1532091183994	OK	 
REQUEST	Reports	1		GET /api/v1/front/trading/limit/sell/500/40	1532091184020	1532091184034	OK	 
REQUEST	Reports	1		GET /api/v1/front/trading/limit/sell/500/40	1532091184061	1532091184075	OK	 
REQUEST	Reports	1		GET /api/v1/front/trading/limit/sell/500/40	1532091184100	1532091184109	OK	 
REQUEST	Reports	1		GET /api/v1/front/trading/limit/sell/500/40	1532091184140	1532091184147	OK	 
REQUEST	Reports	1		GET /api/v1/front/trading/limit/sell/500/40	1532091184170	1532091184181	OK	 
REQUEST	Reports	1		GET /api/v1/front/trading/limit/sell/500/40	1532091184211	1532091184226	OK	 
REQUEST	Reports	1		GET /api/v1/front/trading/limit/sell/500/40	1532091184250	1532091184266	OK	 
REQUEST	Reports	1		GET /api/v1/front/trading/limit/sell/500/40	1532091184290	1532091184307	OK	 
REQUEST	Reports	1		GET /api/v1/front/trading/limit/sell/500/40	1532091184330	1532091184342	OK	 
REQUEST	Reports	1		GET /api/v1/front/trading/limit/sell/500/40	1532091184370	1532091184376	OK	 
REQUEST	Reports	1		GET /api/v1/front/trading/limit/sell/500/40	1532091184400	1532091184406	OK	 
REQUEST	Reports	1		GET /api/v1/front/trading/limit/sell/500/40	1532091184431	1532091184445	OK	 
REQUEST	Reports	1		GET /api/v1/front/trading/limit/sell/500/40	1532091184470	1532091184485	OK	 
REQUEST	Reports	1		GET /api/v1/front/trading/limit/sell/500/40	1532091184510	1532091184524	OK	 
USER	Reports	1	END	1532091178850	1532091184532
